root - INFO - Бот запускается
root - INFO - Bot starts
telegram.ext.updater - INFO - Received signal 2 (SIGINT), stopping...
2020-04-29 14:18:56,924 - INFO - Bot starts
2020-04-29 14:19:01,102 - INFO - Received signal 2 (SIGINT), stopping...
2020-04-29 14:19:09,793 - WARNING - Exiting immediately!
2020-04-29 14:20:44,271 - INFO - Bot starts
2020-04-29 14:20:46,291 - INFO - Вызван /start
2020-04-29 14:20:50,003 - INFO - Вызван /start
2020-04-29 14:20:54,783 - INFO - Received signal 2 (SIGINT), stopping...
2020-04-29 14:28:14,872 - INFO - Bot starts
2020-04-29 14:32:07,486 - INFO - Received signal 2 (SIGINT), stopping...
2020-04-29 14:32:13,686 - INFO - Bot starts
2020-04-29 14:36:52,879 - INFO - Received signal 2 (SIGINT), stopping...
2020-04-29 14:39:27,786 - INFO - Bot starts
2020-04-29 14:39:55,375 - INFO - Received signal 2 (SIGINT), stopping...
2020-04-29 14:40:25,490 - INFO - Bot starts
2020-04-29 14:47:15,111 - INFO - Received signal 2 (SIGINT), stopping...
2020-04-29 14:47:42,777 - INFO - Bot starts
2020-04-29 14:47:45,832 - INFO - User: ocrednoiiii, Chat id: 403721672, Message: 1
2020-04-29 14:47:52,686 - INFO - Received signal 2 (SIGINT), stopping...
